<?xml version="1.0" encoding="UTF-8"?>
<!-- Generated by org.testng.reporters.JUnitReportReporter -->
<testsuite hostname="Gloify-Tech" failures="0" tests="3" name="com.inventsuite.testscript.vendor.vendortestcase01" time="72.126" errors="0" timestamp="2023-03-13T11:15:44 IST" skipped="0">
  <testcase classname="com.inventsuite.testscript.vendor.vendortestcase01" name="vendortestcase0101" time="23.265"/>
  <system-out/>
  <testcase classname="com.inventsuite.testscript.vendor.vendortestcase01" name="vendortestcase0102" time="23.026"/>
  <system-out/>
  <testcase classname="com.inventsuite.testscript.vendor.vendortestcase01" name="vendortestcase0103" time="25.835"/>
  <system-out/>
</testsuite> <!-- com.inventsuite.testscript.vendor.vendortestcase01 -->
