<?xml version="1.0" encoding="UTF-8"?>
<!-- Generated by org.testng.reporters.JUnitReportReporter -->
<testsuite hostname="Gloify-Tech" failures="0" tests="1" name="com.invenstsuite.testscript.store.storetestcase08" time="10.056" errors="0" timestamp="2023-02-28T10:49:05 IST" skipped="0">
  <testcase classname="com.invenstsuite.testscript.store.storetestcase08" name="testcase08" time="10.056"/>
  <system-out/>
</testsuite> <!-- com.invenstsuite.testscript.store.storetestcase08 -->
