<?xml version="1.0" encoding="UTF-8"?>
<!-- Generated by org.testng.reporters.JUnitReportReporter -->
<testsuite hostname="Gloify-Tech" failures="0" tests="1" name="com.inventsuite.testscript.signin.signintestcase02" time="9.764" errors="0" timestamp="2023-03-10T16:24:56 IST" skipped="0">
  <testcase classname="com.inventsuite.testscript.signin.signintestcase02" name="testcase02" time="9.764"/>
  <system-out/>
</testsuite> <!-- com.inventsuite.testscript.signin.signintestcase02 -->
