<?xml version="1.0" encoding="UTF-8"?>
<!-- Generated by org.testng.reporters.JUnitReportReporter -->
<testsuite hostname="Gloify-Tech" failures="0" tests="1" name="com.inventsuite.testscript.variants.varianttestcase02" time="32.292" errors="0" timestamp="2023-04-03T12:46:51 IST" skipped="0">
  <testcase classname="com.inventsuite.testscript.variants.varianttestcase02" name="varianttestcase02" time="32.292"/>
  <system-out/>
</testsuite> <!-- com.inventsuite.testscript.variants.varianttestcase02 -->
