<?xml version="1.0" encoding="UTF-8"?>
<!-- Generated by org.testng.reporters.JUnitReportReporter -->
<testsuite hostname="Gloify-Tech" failures="0" tests="2" name="com.inventsuite.testscript.tags.tagtestcase06" time="91.512" errors="0" timestamp="2023-03-08T12:17:45 IST" skipped="0">
  <testcase classname="com.inventsuite.testscript.tags.tagtestcase06" name="testcase0601" time="45.637"/>
  <system-out/>
  <testcase classname="com.inventsuite.testscript.tags.tagtestcase06" name="tagtestcase0602" time="45.875"/>
  <system-out/>
</testsuite> <!-- com.inventsuite.testscript.tags.tagtestcase06 -->
