<?xml version="1.0" encoding="UTF-8"?>
<!-- Generated by org.testng.reporters.JUnitReportReporter -->
<testsuite hostname="Gloify-Tech" failures="0" tests="1" name="com.invenstsuite.testscript.store.storetestcase03" time="10.039" errors="0" timestamp="2023-02-28T10:49:05 IST" skipped="0">
  <testcase classname="com.invenstsuite.testscript.store.storetestcase03" name="testcase03" time="10.039"/>
  <system-out>
    <![CDATA[Company Name Cannot be empty]]>
  </system-out>
</testsuite> <!-- com.invenstsuite.testscript.store.storetestcase03 -->
