<?xml version="1.0" encoding="UTF-8"?>
<!-- Generated by org.testng.reporters.JUnitReportReporter -->
<testsuite hostname="Gloify-Tech" failures="0" tests="1" name="com.inventsuite.testscript.brand.brandtestcase13" time="58.251" errors="0" timestamp="2023-03-06T13:31:04 IST" skipped="0">
  <testcase classname="com.inventsuite.testscript.brand.brandtestcase13" name="brandtestcase13" time="58.251"/>
  <system-out/>
</testsuite> <!-- com.inventsuite.testscript.brand.brandtestcase13 -->
