<?xml version="1.0" encoding="UTF-8"?>
<!-- Generated by org.testng.reporters.JUnitReportReporter -->
<testsuite hostname="Gloify-Tech" failures="0" tests="1" name="com.inventsuite.testscript.logintestcase001" time="0.875" errors="0" timestamp="2023-03-28T18:59:03 IST" skipped="0">
  <testcase classname="com.inventsuite.testscript.logintestcase001" name="testcase" time="0.875"/>
  <system-out/>
</testsuite> <!-- com.inventsuite.testscript.logintestcase001 -->
