<?xml version="1.0" encoding="UTF-8"?>
<!-- Generated by org.testng.reporters.JUnitReportReporter -->
<testsuite hostname="Gloify-Tech" failures="0" tests="1" name="com.inventsuite.testscript.signin.signintestcase04" time="9.676" errors="0" timestamp="2023-03-10T16:45:02 IST" skipped="0">
  <testcase classname="com.inventsuite.testscript.signin.signintestcase04" name="testcase04" time="9.676"/>
  <system-out/>
</testsuite> <!-- com.inventsuite.testscript.signin.signintestcase04 -->
