<?xml version="1.0" encoding="UTF-8"?>
<!-- Generated by org.testng.reporters.JUnitReportReporter -->
<testsuite hostname="Gloify-Tech" failures="0" tests="1" name="com.inventsuite.testscript.signin.signintestcse10" time="7.738" errors="0" timestamp="2023-03-03T11:43:12 IST" skipped="0">
  <testcase classname="com.inventsuite.testscript.signin.signintestcse10" name="testcase10" time="7.738"/>
  <system-out>
    <![CDATA[signuppage]]>
  </system-out>
</testsuite> <!-- com.inventsuite.testscript.signin.signintestcse10 -->
