<?xml version="1.0" encoding="UTF-8"?>
<!-- Generated by org.testng.reporters.JUnitReportReporter -->
<testsuite hostname="Gloify-Tech" failures="0" tests="1" name="com.inventsuite.testscript.signin.signintestcase16" time="25.177" errors="0" timestamp="2023-03-03T11:43:12 IST" skipped="0">
  <testcase classname="com.inventsuite.testscript.signin.signintestcase16" name="testcase16" time="25.177"/>
  <system-out>
    <![CDATA[signuppage]]>
  </system-out>
</testsuite> <!-- com.inventsuite.testscript.signin.signintestcase16 -->
