<?xml version="1.0" encoding="UTF-8"?>
<!-- Generated by org.testng.reporters.JUnitReportReporter -->
<testsuite hostname="Gloify-Tech" failures="0" tests="1" name="com.inventsuite.testscript.dashboard.dashboardtestcase09" time="37.472" errors="0" timestamp="2023-03-02T13:38:45 IST" skipped="0">
  <testcase classname="com.inventsuite.testscript.dashboard.dashboardtestcase09" name="dashboardtestcase09" time="37.472"/>
  <system-out/>
</testsuite> <!-- com.inventsuite.testscript.dashboard.dashboardtestcase09 -->
