<?xml version="1.0" encoding="UTF-8"?>
<!-- Generated by org.testng.reporters.JUnitReportReporter -->
<testsuite hostname="Gloify-Tech" failures="0" tests="1" name="com.invenstsuite.testscript.store.storetestcase16" time="21.315" errors="0" timestamp="2023-03-01T11:02:38 IST" skipped="0">
  <testcase classname="com.invenstsuite.testscript.store.storetestcase16" name="testcase16" time="21.315"/>
  <system-out>
    <![CDATA[Store]]>
  </system-out>
</testsuite> <!-- com.invenstsuite.testscript.store.storetestcase16 -->
