<?xml version="1.0" encoding="UTF-8"?>
<!-- Generated by org.testng.reporters.JUnitReportReporter -->
<testsuite hostname="Gloify-Tech" failures="0" tests="1" name="com.inventsuite.testscript.brand.brandtestcase004" time="50.977" errors="0" timestamp="2023-03-05T09:28:49 IST" skipped="0">
  <testcase classname="com.inventsuite.testscript.brand.brandtestcase004" name="brandtestcase04" time="50.977"/>
  <system-out/>
</testsuite> <!-- com.inventsuite.testscript.brand.brandtestcase004 -->
