<?xml version="1.0" encoding="UTF-8"?>
<!-- Generated by org.testng.reporters.JUnitReportReporter -->
<testsuite hostname="Gloify-Tech" failures="0" tests="5" name="com.inventsuite.testscript.variants.variantestcase07" time="312.926" errors="0" timestamp="2023-04-05T13:18:20 IST" skipped="0">
  <testcase classname="com.inventsuite.testscript.variants.variantestcase07" name="varianttestcase07" time="43.307"/>
  <system-out/>
  <testcase classname="com.inventsuite.testscript.variants.variantestcase07" name="varianttestcase0701" time="79.479"/>
  <system-out/>
  <testcase classname="com.inventsuite.testscript.variants.variantestcase07" name="varianttestcase0702" time="74.544"/>
  <system-out/>
  <testcase classname="com.inventsuite.testscript.variants.variantestcase07" name="varianttestcase0703" time="61.651"/>
  <system-out/>
  <testcase classname="com.inventsuite.testscript.variants.variantestcase07" name="voidvarianttestcase0704" time="53.945"/>
  <system-out/>
</testsuite> <!-- com.inventsuite.testscript.variants.variantestcase07 -->
