<?xml version="1.0" encoding="UTF-8"?>
<!-- Generated by org.testng.reporters.JUnitReportReporter -->
<testsuite hostname="Gloify-Tech" failures="0" tests="1" name="com.inventsuite.testscript.brand.brandtestcase05" time="75.298" errors="0" timestamp="2023-03-05T09:55:17 IST" skipped="0">
  <testcase classname="com.inventsuite.testscript.brand.brandtestcase05" name="brandtestcase05" time="75.298"/>
  <system-out/>
</testsuite> <!-- com.inventsuite.testscript.brand.brandtestcase05 -->
