<?xml version="1.0" encoding="UTF-8"?>
<!-- Generated by org.testng.reporters.JUnitReportReporter -->
<testsuite hostname="Gloify-Tech" failures="0" tests="1" name="com.inventsuite.testscript.forgotpwd.forgotpwd07" time="10.599" errors="0" timestamp="2023-03-10T18:12:17 IST" skipped="0">
  <testcase classname="com.inventsuite.testscript.forgotpwd.forgotpwd07" name="testcase07" time="10.599"/>
  <system-out/>
</testsuite> <!-- com.inventsuite.testscript.forgotpwd.forgotpwd07 -->
