<?xml version="1.0" encoding="UTF-8"?>
<!-- Generated by org.testng.reporters.JUnitReportReporter -->
<testsuite hostname="Gloify-Tech" failures="0" tests="1" name="com.inventsuite.testscript.logintestcase07" time="6.514" errors="0" timestamp="2023-03-03T11:38:38 IST" skipped="0">
  <testcase classname="com.inventsuite.testscript.logintestcase07" name="testcase06" time="6.514"/>
  <system-out>
    <![CDATA[login]]>
  </system-out>
</testsuite> <!-- com.inventsuite.testscript.logintestcase07 -->
