<?xml version="1.0" encoding="UTF-8"?>
<!-- Generated by org.testng.reporters.JUnitReportReporter -->
<testsuite hostname="Gloify-Tech" failures="0" tests="1" name="com.invenstsuite.testscript.store.storetestcase02" time="8.785" errors="0" timestamp="2023-02-28T10:49:05 IST" skipped="0">
  <testcase classname="com.invenstsuite.testscript.store.storetestcase02" name="testcase02" time="8.785"/>
  <system-out/>
</testsuite> <!-- com.invenstsuite.testscript.store.storetestcase02 -->
