<?xml version="1.0" encoding="UTF-8"?>
<!-- Generated by org.testng.reporters.JUnitReportReporter -->
<testsuite hostname="Gloify-Tech" failures="0" tests="1" name="com.inventsuite.testscript.forgotpwd.forgotpwdtestcase05" time="10.141" errors="0" timestamp="2023-03-10T18:14:40 IST" skipped="0">
  <testcase classname="com.inventsuite.testscript.forgotpwd.forgotpwdtestcase05" name="testcase05" time="10.141"/>
  <system-out>
    <![CDATA[frpwd]]>
  </system-out>
</testsuite> <!-- com.inventsuite.testscript.forgotpwd.forgotpwdtestcase05 -->
