<?xml version="1.0" encoding="UTF-8"?>
<!-- Generated by org.testng.reporters.JUnitReportReporter -->
<testsuite hostname="Gloify-Tech" failures="0" tests="1" name="com.inventsuite.testscript.signin.signintestcase05" time="15.752" errors="0" timestamp="2023-03-10T16:46:29 IST" skipped="0">
  <testcase classname="com.inventsuite.testscript.signin.signintestcase05" name="testcase05" time="15.752"/>
  <system-out>
    <![CDATA[signuppage]]>
  </system-out>
</testsuite> <!-- com.inventsuite.testscript.signin.signintestcase05 -->
