<?xml version="1.0" encoding="UTF-8"?>
<!-- Generated by org.testng.reporters.JUnitReportReporter -->
<testsuite hostname="Gloify-Tech" failures="0" tests="1" name="com.inventsuite.testscript.brand.brandtestcase02" time="61.146" errors="0" timestamp="2023-03-04T22:41:42 IST" skipped="0">
  <testcase classname="com.inventsuite.testscript.brand.brandtestcase02" name="brandtestcase02" time="61.146"/>
  <system-out/>
</testsuite> <!-- com.inventsuite.testscript.brand.brandtestcase02 -->
