<?xml version="1.0" encoding="UTF-8"?>
<!-- Generated by org.testng.reporters.JUnitReportReporter -->
<testsuite hostname="Gloify-Tech" failures="0" tests="1" name="com.inventsuite.testscript.dashboard.dashboardtestcase03" time="61.648" errors="0" timestamp="2023-03-01T21:02:48 IST" skipped="0">
  <testcase classname="com.inventsuite.testscript.dashboard.dashboardtestcase03" name="dashboardtestcase03" time="61.648"/>
  <system-out/>
</testsuite> <!-- com.inventsuite.testscript.dashboard.dashboardtestcase03 -->
