<?xml version="1.0" encoding="UTF-8"?>
<!-- Generated by org.testng.reporters.JUnitReportReporter -->
<testsuite hostname="Gloify-Tech" failures="0" tests="1" name="com.inventsuite.testscript.logintestcase01" time="43.145" errors="0" timestamp="2023-04-02T19:24:16 IST" skipped="0">
  <testcase classname="com.inventsuite.testscript.logintestcase01" name="testlogin" time="43.145"/>
  <system-out/>
</testsuite> <!-- com.inventsuite.testscript.logintestcase01 -->
