<?xml version="1.0" encoding="UTF-8"?>
<!-- Generated by org.testng.reporters.JUnitReportReporter -->
<testsuite hostname="Gloify-Tech" failures="0" tests="1" name="com.inventsuite.testscript.logintestcase05" time="11.909" errors="0" timestamp="2023-03-03T11:38:38 IST" skipped="0">
  <testcase classname="com.inventsuite.testscript.logintestcase05" name="testcase05" time="11.909"/>
  <system-out>
    <![CDATA[Login]]>
  </system-out>
</testsuite> <!-- com.inventsuite.testscript.logintestcase05 -->
