<?xml version="1.0" encoding="UTF-8"?>
<!-- Generated by org.testng.reporters.JUnitReportReporter -->
<testsuite hostname="Gloify-Tech" failures="0" tests="1" name="com.inventsuite.testscript.variants.variantestcase01" time="27.879" errors="0" timestamp="2023-04-03T12:46:08 IST" skipped="0">
  <testcase classname="com.inventsuite.testscript.variants.variantestcase01" name="varianttestcase01" time="27.879"/>
  <system-out/>
</testsuite> <!-- com.inventsuite.testscript.variants.variantestcase01 -->
