<?xml version="1.0" encoding="UTF-8"?>
<!-- Generated by org.testng.reporters.JUnitReportReporter -->
<testsuite hostname="Gloify-Tech" failures="0" tests="1" name="com.inventsuite.testscript.logintestcase01" time="2.037" errors="0" timestamp="2023-03-17T16:15:12 IST" skipped="0">
  <testcase classname="com.inventsuite.testscript.logintestcase01" name="testlogin" time="2.037"/>
  <system-out/>
</testsuite> <!-- com.inventsuite.testscript.logintestcase01 -->
