<?xml version="1.0" encoding="UTF-8"?>
<!-- Generated by org.testng.reporters.JUnitReportReporter -->
<testsuite hostname="Gloify-Tech" failures="0" tests="1" name="storetestcase05" time="11.852" errors="0" timestamp="2023-02-24T19:41:23 IST" skipped="0">
  <testcase classname="storetestcase05" name="testcase05" time="11.852"/>
  <system-out>
    <![CDATA[Store]]>
  </system-out>
</testsuite> <!-- storetestcase05 -->
