<?xml version="1.0" encoding="UTF-8"?>
<!-- Generated by org.testng.reporters.JUnitReportReporter -->
<testsuite hostname="Gloify-Tech" failures="0" tests="3" name="com.inventsuite.testscript.vendor.vendortestcase01" time="66.000" errors="0" timestamp="2023-04-03T15:29:04 IST" skipped="0">
  <testcase classname="com.inventsuite.testscript.vendor.vendortestcase01" name="vendortestcase0101" time="21.869"/>
  <system-out/>
  <testcase classname="com.inventsuite.testscript.vendor.vendortestcase01" name="vendortestcase0102" time="20.555"/>
  <system-out/>
  <testcase classname="com.inventsuite.testscript.vendor.vendortestcase01" name="vendortestcase0103" time="23.576"/>
  <system-out/>
</testsuite> <!-- com.inventsuite.testscript.vendor.vendortestcase01 -->
