<?xml version="1.0" encoding="UTF-8"?>
<!-- Generated by org.testng.reporters.JUnitReportReporter -->
<testsuite hostname="Gloify-Tech" failures="0" tests="1" name="com.inventsuite.testscript.dashboard.dashboardtestcase11" time="48.530" errors="0" timestamp="2023-03-02T13:45:43 IST" skipped="0">
  <testcase classname="com.inventsuite.testscript.dashboard.dashboardtestcase11" name="dashboardtestcase11" time="48.530"/>
  <system-out/>
</testsuite> <!-- com.inventsuite.testscript.dashboard.dashboardtestcase11 -->
