<?xml version="1.0" encoding="UTF-8"?>
<!-- Generated by org.testng.reporters.JUnitReportReporter -->
<testsuite hostname="Gloify-Tech" failures="0" tests="1" name="com.inventsuite.testscript.signin.signintest09" time="10.537" errors="0" timestamp="2023-02-23T07:13:00 IST" skipped="0">
  <testcase classname="com.inventsuite.testscript.signin.signintest09" name="testcase09" time="10.537"/>
  <system-out>
    <![CDATA[signuppage]]>
  </system-out>
</testsuite> <!-- com.inventsuite.testscript.signin.signintest09 -->
