<?xml version="1.0" encoding="UTF-8"?>
<!-- Generated by org.testng.reporters.JUnitReportReporter -->
<testsuite hostname="Gloify-Tech" failures="0" tests="1" name="com.inventsuite.testscript.variants.variantestcase01" time="46.757" errors="0" timestamp="2023-03-13T16:06:20 IST" skipped="0">
  <testcase classname="com.inventsuite.testscript.variants.variantestcase01" name="varianttestcase01" time="46.757"/>
  <system-out/>
</testsuite> <!-- com.inventsuite.testscript.variants.variantestcase01 -->
