<?xml version="1.0" encoding="UTF-8"?>
<!-- Generated by org.testng.reporters.JUnitReportReporter -->
<testsuite hostname="Gloify-Tech" failures="0" tests="1" name="com.inventsuite.testscript.variants.variantetscase05" time="79.991" errors="0" timestamp="2023-04-04T16:06:54 IST" skipped="0">
  <testcase classname="com.inventsuite.testscript.variants.variantetscase05" name="variantestcae05" time="79.991"/>
  <system-out/>
</testsuite> <!-- com.inventsuite.testscript.variants.variantetscase05 -->
