<?xml version="1.0" encoding="UTF-8"?>
<!-- Generated by org.testng.reporters.JUnitReportReporter -->
<testsuite hostname="Gloify-Tech" failures="0" tests="1" name="com.inventsuite.testscript.brand.brandtestcase10" time="67.481" errors="0" timestamp="2023-03-06T12:01:00 IST" skipped="0">
  <testcase classname="com.inventsuite.testscript.brand.brandtestcase10" name="brandtestcase10" time="67.481"/>
  <system-out/>
</testsuite> <!-- com.inventsuite.testscript.brand.brandtestcase10 -->
