<?xml version="1.0" encoding="UTF-8"?>
<!-- Generated by org.testng.reporters.JUnitReportReporter -->
<testsuite hostname="Gloify-Tech" failures="0" tests="1" name="com.inventsuite.testscript.brand.brandtestcase03" time="47.494" errors="0" timestamp="2023-03-04T22:54:18 IST" skipped="0">
  <testcase classname="com.inventsuite.testscript.brand.brandtestcase03" name="brandtestcase03" time="47.494"/>
  <system-out/>
</testsuite> <!-- com.inventsuite.testscript.brand.brandtestcase03 -->
