<?xml version="1.0" encoding="UTF-8"?>
<!-- Generated by org.testng.reporters.JUnitReportReporter -->
<testsuite hostname="Gloify-Tech" failures="0" tests="1" name="com.inventsuite.testscript.brand.brandtestcase11" time="53.309" errors="0" timestamp="2023-03-06T16:28:01 IST" skipped="0">
  <testcase classname="com.inventsuite.testscript.brand.brandtestcase11" name="brandtestcase11" time="53.309"/>
  <system-out/>
</testsuite> <!-- com.inventsuite.testscript.brand.brandtestcase11 -->
