<?xml version="1.0" encoding="UTF-8"?>
<!-- Generated by org.testng.reporters.JUnitReportReporter -->
<testsuite hostname="Gloify-Tech" failures="0" tests="1" name="com.inventsuite.testscript.brand.deletetestcase02" time="50.784" errors="0" timestamp="2023-03-06T16:24:45 IST" skipped="0">
  <testcase classname="com.inventsuite.testscript.brand.deletetestcase02" name="deletetestcae02" time="50.784"/>
  <system-out/>
</testsuite> <!-- com.inventsuite.testscript.brand.deletetestcase02 -->
