<?xml version="1.0" encoding="UTF-8"?>
<!-- Generated by org.testng.reporters.JUnitReportReporter -->
<testsuite hostname="Gloify-Tech" failures="0" tests="2" name="com.inventsuite.testscript.tags.tagtestcase05" time="98.134" errors="0" timestamp="2023-03-08T11:31:39 IST" skipped="0">
  <testcase classname="com.inventsuite.testscript.tags.tagtestcase05" name="tagtestcase0501" time="47.976"/>
  <system-out/>
  <testcase classname="com.inventsuite.testscript.tags.tagtestcase05" name="testcase0502" time="50.158"/>
  <system-out/>
</testsuite> <!-- com.inventsuite.testscript.tags.tagtestcase05 -->
