<?xml version="1.0" encoding="UTF-8"?>
<!-- Generated by org.testng.reporters.JUnitReportReporter -->
<testsuite hostname="Gloify-Tech" failures="0" tests="1" name="com.inventsuite.testscript.navtosignin" time="1.041" errors="0" timestamp="2023-03-03T11:38:38 IST" skipped="0">
  <testcase classname="com.inventsuite.testscript.navtosignin" name="navtosignin" time="1.041"/>
  <system-out/>
</testsuite> <!-- com.inventsuite.testscript.navtosignin -->
