<?xml version="1.0" encoding="UTF-8"?>
<!-- Generated by org.testng.reporters.JUnitReportReporter -->
<testsuite hostname="Gloify-Tech" failures="0" tests="1" name="com.inventsuite.testscript.logintestcase01" time="1.584" errors="0" timestamp="2023-03-27T15:59:12 IST" skipped="0">
  <testcase classname="com.inventsuite.testscript.logintestcase01" name="testlogin" time="1.584"/>
  <system-out/>
</testsuite> <!-- com.inventsuite.testscript.logintestcase01 -->
