<?xml version="1.0" encoding="UTF-8"?>
<!-- Generated by org.testng.reporters.JUnitReportReporter -->
<testsuite hostname="Gloify-Tech" failures="0" tests="1" name="com.inventsuite.testscript.logintestcase001" time="2.604" errors="0" timestamp="2023-03-16T18:41:16 IST" skipped="0">
  <testcase classname="com.inventsuite.testscript.logintestcase001" name="testcase" time="2.604"/>
  <system-out/>
</testsuite> <!-- com.inventsuite.testscript.logintestcase001 -->
