<?xml version="1.0" encoding="UTF-8"?>
<!-- Generated by org.testng.reporters.JUnitReportReporter -->
<testsuite hostname="Gloify-Tech" failures="0" tests="1" name="com.inventsuite.testscript.forgotpwd.forgootpwdtestcase03" time="6.581" errors="0" timestamp="2023-03-10T18:06:06 IST" skipped="0">
  <testcase classname="com.inventsuite.testscript.forgotpwd.forgootpwdtestcase03" name="testcase03" time="6.581"/>
  <system-out/>
</testsuite> <!-- com.inventsuite.testscript.forgotpwd.forgootpwdtestcase03 -->
