<?xml version="1.0" encoding="UTF-8"?>
<!-- Generated by org.testng.reporters.JUnitReportReporter -->
<testsuite hostname="Gloify-Tech" failures="0" tests="1" name="com.inventsuite.testscript.logintestcase08" time="48.737" errors="0" timestamp="2023-04-02T19:24:16 IST" skipped="0">
  <testcase classname="com.inventsuite.testscript.logintestcase08" name="testcase08" time="48.737"/>
  <system-out>
    <![CDATA[login]]>
  </system-out>
</testsuite> <!-- com.inventsuite.testscript.logintestcase08 -->
