<?xml version="1.0" encoding="UTF-8"?>
<!-- Generated by org.testng.reporters.JUnitReportReporter -->
<testsuite hostname="Gloify-Tech" failures="0" tests="1" name="com.inventsuite.testscript.profilepage.profiletestcase34" time="33.067" errors="0" timestamp="2023-03-13T15:41:51 IST" skipped="0">
  <testcase classname="com.inventsuite.testscript.profilepage.profiletestcase34" name="profiletestcase34" time="33.067"/>
  <system-out>
    <![CDATA[changepwd]]>
  </system-out>
</testsuite> <!-- com.inventsuite.testscript.profilepage.profiletestcase34 -->
