<?xml version="1.0" encoding="UTF-8"?>
<!-- Generated by org.testng.reporters.JUnitReportReporter -->
<testsuite hostname="Gloify-Tech" failures="0" tests="1" name="com.testcasedemo.testcase1" time="0.962" errors="0" timestamp="2023-03-30T12:21:29 IST" skipped="0">
  <testcase classname="com.testcasedemo.testcase1" name="testcase" time="0.962"/>
  <system-out/>
</testsuite> <!-- com.testcasedemo.testcase1 -->
