<?xml version="1.0" encoding="UTF-8"?>
<!-- Generated by org.testng.reporters.JUnitReportReporter -->
<testsuite hostname="Gloify-Tech" failures="0" tests="1" name="com.inventsuite.testscript.dashboard.dashboardtestcase05" time="46.275" errors="0" timestamp="2023-03-01T21:07:14 IST" skipped="0">
  <testcase classname="com.inventsuite.testscript.dashboard.dashboardtestcase05" name="dashboardtestcase05" time="46.275"/>
  <system-out/>
</testsuite> <!-- com.inventsuite.testscript.dashboard.dashboardtestcase05 -->
