<?xml version="1.0" encoding="UTF-8"?>
<!-- Generated by org.testng.reporters.JUnitReportReporter -->
<testsuite hostname="Gloify-Tech" failures="0" tests="1" name="com.inventsuite.testscript.brand.deletetestcase01" time="48.162" errors="0" timestamp="2023-03-06T16:14:26 IST" skipped="0">
  <testcase classname="com.inventsuite.testscript.brand.deletetestcase01" name="deletetestcase01" time="48.162"/>
  <system-out/>
</testsuite> <!-- com.inventsuite.testscript.brand.deletetestcase01 -->
