<?xml version="1.0" encoding="UTF-8"?>
<!-- Generated by org.testng.reporters.JUnitReportReporter -->
<testsuite hostname="Gloify-Tech" failures="0" tests="1" name="com.inventsuite.testscript.brand.brandtestcase14" time="92.028" errors="0" timestamp="2023-03-06T15:12:36 IST" skipped="0">
  <testcase classname="com.inventsuite.testscript.brand.brandtestcase14" name="brandtestcase14" time="92.028"/>
  <system-out/>
</testsuite> <!-- com.inventsuite.testscript.brand.brandtestcase14 -->
