<?xml version="1.0" encoding="UTF-8"?>
<!-- Generated by org.testng.reporters.JUnitReportReporter -->
<testsuite hostname="Gloify-Tech" failures="0" tests="1" name="com.inventsuite.testscript.brand.brandtestcase01" time="42.977" errors="0" timestamp="2023-03-04T21:39:16 IST" skipped="0">
  <testcase classname="com.inventsuite.testscript.brand.brandtestcase01" name="brandtestcase01" time="42.977"/>
  <system-out/>
</testsuite> <!-- com.inventsuite.testscript.brand.brandtestcase01 -->
