<?xml version="1.0" encoding="UTF-8"?>
<!-- Generated by org.testng.reporters.JUnitReportReporter -->
<testsuite hostname="Gloify-Tech" failures="0" tests="1" name="com.inventsuite.testscript.forgotpwd.forgotpwdtestcase02" time="6.528" errors="0" timestamp="2023-03-10T18:13:13 IST" skipped="0">
  <testcase classname="com.inventsuite.testscript.forgotpwd.forgotpwdtestcase02" name="testcase02" time="6.528"/>
  <system-out/>
</testsuite> <!-- com.inventsuite.testscript.forgotpwd.forgotpwdtestcase02 -->
