<?xml version="1.0" encoding="UTF-8"?>
<!-- Generated by org.testng.reporters.JUnitReportReporter -->
<testsuite hostname="Gloify-Tech" failures="0" tests="1" name="com.inventsuite.testscript.dashboard.dashboardtestcase01" time="41.649" errors="0" timestamp="2023-03-02T11:34:09 IST" skipped="0">
  <testcase classname="com.inventsuite.testscript.dashboard.dashboardtestcase01" name="dashboardtestcase01" time="41.649"/>
  <system-out/>
</testsuite> <!-- com.inventsuite.testscript.dashboard.dashboardtestcase01 -->
