<?xml version="1.0" encoding="UTF-8"?>
<!-- Generated by org.testng.reporters.JUnitReportReporter -->
<testsuite hostname="Gloify-Tech" failures="0" tests="1" name="com.invenstsuite.testscript.store.editstoretestcase01" time="14.099" errors="0" timestamp="2023-02-28T12:49:19 IST" skipped="0">
  <testcase classname="com.invenstsuite.testscript.store.editstoretestcase01" name="esittestcase01" time="14.099"/>
  <system-out/>
</testsuite> <!-- com.invenstsuite.testscript.store.editstoretestcase01 -->
