<?xml version="1.0" encoding="UTF-8"?>
<!-- Generated by org.testng.reporters.JUnitReportReporter -->
<testsuite hostname="Gloify-Tech" failures="0" tests="1" name="com.inventsuite.testscript.tags.tagstestcase01" time="55.439" errors="0" timestamp="2023-03-07T15:44:38 IST" skipped="0">
  <testcase classname="com.inventsuite.testscript.tags.tagstestcase01" name="testcase02" time="55.439"/>
  <system-out/>
</testsuite> <!-- com.inventsuite.testscript.tags.tagstestcase01 -->
