<?xml version="1.0" encoding="UTF-8"?>
<!-- Generated by org.testng.reporters.JUnitReportReporter -->
<testsuite hostname="Gloify-Tech" failures="0" tests="1" name="com.testcasedemo.testcase2" time="3.246" errors="0" timestamp="2023-03-30T12:21:29 IST" skipped="0">
  <testcase classname="com.testcasedemo.testcase2" name="testcase02" time="3.246"/>
  <system-out/>
</testsuite> <!-- com.testcasedemo.testcase2 -->
