<?xml version="1.0" encoding="UTF-8"?>
<!-- Generated by org.testng.reporters.JUnitReportReporter -->
<testsuite hostname="Gloify-Tech" failures="0" tests="1" name="com.inventsuite.testscript.dashboard.dashboardtestcase02" time="48.319" errors="0" timestamp="2023-03-01T16:01:49 IST" skipped="0">
  <testcase classname="com.inventsuite.testscript.dashboard.dashboardtestcase02" name="dashboardtestcase02" time="48.319"/>
  <system-out/>
</testsuite> <!-- com.inventsuite.testscript.dashboard.dashboardtestcase02 -->
