<?xml version="1.0" encoding="UTF-8"?>
<!-- Generated by org.testng.reporters.JUnitReportReporter -->
<testsuite hostname="Gloify-Tech" failures="0" tests="1" name="com.inventsuite.testscript.logintestcase01" time="0.561" errors="0" timestamp="2023-03-30T18:17:25 IST" skipped="0">
  <testcase classname="com.inventsuite.testscript.logintestcase01" name="testlogin" time="0.561"/>
  <system-out/>
</testsuite> <!-- com.inventsuite.testscript.logintestcase01 -->
