<?xml version="1.0" encoding="UTF-8"?>
<!-- Generated by org.testng.reporters.JUnitReportReporter -->
<testsuite hostname="Gloify-Tech" failures="0" tests="1" name="com.inventsuite.testscript.logintestcase03" time="0.864" errors="0" timestamp="2023-03-30T19:13:17 IST" skipped="0">
  <testcase classname="com.inventsuite.testscript.logintestcase03" name="testcase03" time="0.864"/>
  <system-out/>
</testsuite> <!-- com.inventsuite.testscript.logintestcase03 -->
